{"meta": {"format": 3, "version": "7.10.7", "timestamp": "2025-09-23T20:03:51.209047", "branch_coverage": false, "show_contexts": false}, "files": {"app/__init__.py": {"executed_lines": [0], "summary": {"covered_lines": 0, "num_statements": 0, "percent_covered": 100.0, "percent_covered_display": "100", "missing_lines": 0, "excluded_lines": 0}, "missing_lines": [], "excluded_lines": [], "functions": {"": {"executed_lines": [], "summary": {"covered_lines": 0, "num_statements": 0, "percent_covered": 100.0, "percent_covered_display": "100", "missing_lines": 0, "excluded_lines": 0}, "missing_lines": [], "excluded_lines": []}}, "classes": {"": {"executed_lines": [], "summary": {"covered_lines": 0, "num_statements": 0, "percent_covered": 100.0, "percent_covered_display": "100", "missing_lines": 0, "excluded_lines": 0}, "missing_lines": [], "excluded_lines": []}}}, "app/config.py": {"executed_lines": [1, 3, 4, 5, 8, 9, 12, 13, 14, 19, 20, 25, 28, 31, 32, 33, 34, 37, 38, 40, 42, 44, 45, 52, 53, 54, 56, 59, 61, 64], "summary": {"covered_lines": 29, "num_statements": 30, "percent_covered": 96.66666666666667, "percent_covered_display": "97", "missing_lines": 1, "excluded_lines": 0}, "missing_lines": [66], "excluded_lines": [], "functions": {"Settings.get_masked_config": {"executed_lines": [44, 45, 52, 53, 54, 56], "summary": {"covered_lines": 6, "num_statements": 6, "percent_covered": 100.0, "percent_covered_display": "100", "missing_lines": 0, "excluded_lines": 0}, "missing_lines": [], "excluded_lines": []}, "get_settings": {"executed_lines": [61], "summary": {"covered_lines": 1, "num_statements": 1, "percent_covered": 100.0, "percent_covered_display": "100", "missing_lines": 0, "excluded_lines": 0}, "missing_lines": [], "excluded_lines": []}, "settings_dep": {"executed_lines": [], "summary": {"covered_lines": 0, "num_statements": 1, "percent_covered": 0.0, "percent_covered_display": "0", "missing_lines": 1, "excluded_lines": 0}, "missing_lines": [66], "excluded_lines": []}, "": {"executed_lines": [1, 3, 4, 5, 8, 9, 12, 13, 14, 19, 20, 25, 28, 31, 32, 33, 34, 37, 38, 40, 42, 59, 64], "summary": {"covered_lines": 22, "num_statements": 22, "percent_covered": 100.0, "percent_covered_display": "100", "missing_lines": 0, "excluded_lines": 0}, "missing_lines": [], "excluded_lines": []}}, "classes": {"Settings": {"executed_lines": [44, 45, 52, 53, 54, 56], "summary": {"covered_lines": 6, "num_statements": 6, "percent_covered": 100.0, "percent_covered_display": "100", "missing_lines": 0, "excluded_lines": 0}, "missing_lines": [], "excluded_lines": []}, "": {"executed_lines": [1, 3, 4, 5, 8, 9, 12, 13, 14, 19, 20, 25, 28, 31, 32, 33, 34, 37, 38, 40, 42, 59, 61, 64], "summary": {"covered_lines": 23, "num_statements": 24, "percent_covered": 95.83333333333333, "percent_covered_display": "96", "missing_lines": 1, "excluded_lines": 0}, "missing_lines": [66], "excluded_lines": []}}}, "app/db.py": {"executed_lines": [1, 2, 3, 4, 5, 7, 10, 11, 13, 16, 17, 19, 20, 21, 24, 28, 30, 31, 33, 35, 37, 39, 40, 41, 43, 45, 47, 48, 49, 50, 51, 52, 56, 59, 61, 62], "summary": {"covered_lines": 34, "num_statements": 34, "percent_covered": 100.0, "percent_covered_display": "100", "missing_lines": 0, "excluded_lines": 0}, "missing_lines": [], "excluded_lines": [], "functions": {"DatabaseManager.__init__": {"executed_lines": [20, 21, 24], "summary": {"covered_lines": 3, "num_statements": 3, "percent_covered": 100.0, "percent_covered_display": "100", "missing_lines": 0, "excluded_lines": 0}, "missing_lines": [], "excluded_lines": []}, "DatabaseManager.create_tables": {"executed_lines": [30, 31], "summary": {"covered_lines": 2, "num_statements": 2, "percent_covered": 100.0, "percent_covered_display": "100", "missing_lines": 0, "excluded_lines": 0}, "missing_lines": [], "excluded_lines": []}, "DatabaseManager.close": {"executed_lines": [35], "summary": {"covered_lines": 1, "num_statements": 1, "percent_covered": 100.0, "percent_covered_display": "100", "missing_lines": 0, "excluded_lines": 0}, "missing_lines": [], "excluded_lines": []}, "DatabaseManager.get_session": {"executed_lines": [39, 40, 41, 43], "summary": {"covered_lines": 4, "num_statements": 4, "percent_covered": 100.0, "percent_covered_display": "100", "missing_lines": 0, "excluded_lines": 0}, "missing_lines": [], "excluded_lines": []}, "DatabaseManager.health_check": {"executed_lines": [47, 48, 49, 50, 51, 52], "summary": {"covered_lines": 6, "num_statements": 6, "percent_covered": 100.0, "percent_covered_display": "100", "missing_lines": 0, "excluded_lines": 0}, "missing_lines": [], "excluded_lines": []}, "get_db": {"executed_lines": [61, 62], "summary": {"covered_lines": 2, "num_statements": 2, "percent_covered": 100.0, "percent_covered_display": "100", "missing_lines": 0, "excluded_lines": 0}, "missing_lines": [], "excluded_lines": []}, "": {"executed_lines": [1, 2, 3, 4, 5, 7, 10, 11, 13, 16, 17, 19, 28, 33, 37, 45, 56, 59], "summary": {"covered_lines": 16, "num_statements": 16, "percent_covered": 100.0, "percent_covered_display": "100", "missing_lines": 0, "excluded_lines": 0}, "missing_lines": [], "excluded_lines": []}}, "classes": {"Base": {"executed_lines": [], "summary": {"covered_lines": 0, "num_statements": 0, "percent_covered": 100.0, "percent_covered_display": "100", "missing_lines": 0, "excluded_lines": 0}, "missing_lines": [], "excluded_lines": []}, "DatabaseManager": {"executed_lines": [20, 21, 24, 30, 31, 35, 39, 40, 41, 43, 47, 48, 49, 50, 51, 52], "summary": {"covered_lines": 16, "num_statements": 16, "percent_covered": 100.0, "percent_covered_display": "100", "missing_lines": 0, "excluded_lines": 0}, "missing_lines": [], "excluded_lines": []}, "": {"executed_lines": [1, 2, 3, 4, 5, 7, 10, 11, 13, 16, 17, 19, 28, 33, 37, 45, 56, 59, 61, 62], "summary": {"covered_lines": 18, "num_statements": 18, "percent_covered": 100.0, "percent_covered_display": "100", "missing_lines": 0, "excluded_lines": 0}, "missing_lines": [], "excluded_lines": []}}}, "app/jobs/__init__.py": {"executed_lines": [0], "summary": {"covered_lines": 0, "num_statements": 0, "percent_covered": 100.0, "percent_covered_display": "100", "missing_lines": 0, "excluded_lines": 0}, "missing_lines": [], "excluded_lines": [], "functions": {"": {"executed_lines": [], "summary": {"covered_lines": 0, "num_statements": 0, "percent_covered": 100.0, "percent_covered_display": "100", "missing_lines": 0, "excluded_lines": 0}, "missing_lines": [], "excluded_lines": []}}, "classes": {"": {"executed_lines": [], "summary": {"covered_lines": 0, "num_statements": 0, "percent_covered": 100.0, "percent_covered_display": "100", "missing_lines": 0, "excluded_lines": 0}, "missing_lines": [], "excluded_lines": []}}}, "app/jobs/reconciliation.py": {"executed_lines": [1, 2, 3, 4, 5, 6, 8, 9, 10, 11, 13, 14, 15, 16, 18, 21, 22, 24, 25, 27, 37, 38, 40, 42, 43, 45, 50, 55, 60, 63, 74, 76, 81, 83, 84, 85, 87, 91, 102, 103, 105, 109, 120, 121, 123, 127, 134, 135, 137, 141, 144, 156, 157, 159, 160, 174, 175, 176, 177, 186, 188, 190, 197, 198, 202], "summary": {"covered_lines": 64, "num_statements": 64, "percent_covered": 100.0, "percent_covered_display": "100", "missing_lines": 0, "excluded_lines": 0}, "missing_lines": [], "excluded_lines": [], "functions": {"ReconciliationJob.__init__": {"executed_lines": [25], "summary": {"covered_lines": 1, "num_statements": 1, "percent_covered": 100.0, "percent_covered_display": "100", "missing_lines": 0, "excluded_lines": 0}, "missing_lines": [], "excluded_lines": []}, "ReconciliationJob.run_reconciliation": {"executed_lines": [37, 38, 40, 42, 43, 45, 50, 55, 60, 63, 74, 76, 81, 83, 84, 85], "summary": {"covered_lines": 16, "num_statements": 16, "percent_covered": 100.0, "percent_covered_display": "100", "missing_lines": 0, "excluded_lines": 0}, "missing_lines": [], "excluded_lines": []}, "ReconciliationJob._get_events_by_provider": {"executed_lines": [91, 102, 103], "summary": {"covered_lines": 3, "num_statements": 3, "percent_covered": 100.0, "percent_covered_display": "100", "missing_lines": 0, "excluded_lines": 0}, "missing_lines": [], "excluded_lines": []}, "ReconciliationJob._get_events_by_type": {"executed_lines": [109, 120, 121], "summary": {"covered_lines": 3, "num_statements": 3, "percent_covered": 100.0, "percent_covered_display": "100", "missing_lines": 0, "excluded_lines": 0}, "missing_lines": [], "excluded_lines": []}, "ReconciliationJob._get_total_events": {"executed_lines": [127, 134, 135], "summary": {"covered_lines": 3, "num_statements": 3, "percent_covered": 100.0, "percent_covered_display": "100", "missing_lines": 0, "excluded_lines": 0}, "missing_lines": [], "excluded_lines": []}, "ReconciliationJob._detect_anomalies": {"executed_lines": [141, 144, 156, 157, 159, 160, 174, 175, 176, 177, 186], "summary": {"covered_lines": 11, "num_statements": 11, "percent_covered": 100.0, "percent_covered_display": "100", "missing_lines": 0, "excluded_lines": 0}, "missing_lines": [], "excluded_lines": []}, "ReconciliationJob._log_reconciliation": {"executed_lines": [190, 197, 198], "summary": {"covered_lines": 3, "num_statements": 3, "percent_covered": 100.0, "percent_covered_display": "100", "missing_lines": 0, "excluded_lines": 0}, "missing_lines": [], "excluded_lines": []}, "": {"executed_lines": [1, 2, 3, 4, 5, 6, 8, 9, 10, 11, 13, 14, 15, 16, 18, 21, 22, 24, 27, 87, 105, 123, 137, 188, 202], "summary": {"covered_lines": 24, "num_statements": 24, "percent_covered": 100.0, "percent_covered_display": "100", "missing_lines": 0, "excluded_lines": 0}, "missing_lines": [], "excluded_lines": []}}, "classes": {"ReconciliationJob": {"executed_lines": [25, 37, 38, 40, 42, 43, 45, 50, 55, 60, 63, 74, 76, 81, 83, 84, 85, 91, 102, 103, 109, 120, 121, 127, 134, 135, 141, 144, 156, 157, 159, 160, 174, 175, 176, 177, 186, 190, 197, 198], "summary": {"covered_lines": 40, "num_statements": 40, "percent_covered": 100.0, "percent_covered_display": "100", "missing_lines": 0, "excluded_lines": 0}, "missing_lines": [], "excluded_lines": []}, "": {"executed_lines": [1, 2, 3, 4, 5, 6, 8, 9, 10, 11, 13, 14, 15, 16, 18, 21, 22, 24, 27, 87, 105, 123, 137, 188, 202], "summary": {"covered_lines": 24, "num_statements": 24, "percent_covered": 100.0, "percent_covered_display": "100", "missing_lines": 0, "excluded_lines": 0}, "missing_lines": [], "excluded_lines": []}}}, "app/jobs/retry_worker.py": {"executed_lines": [1, 2, 3, 4, 5, 6, 8, 9, 10, 12, 13, 15, 18, 19, 21, 22, 23, 24, 26, 28, 29, 31, 32, 33, 34, 35, 36, 37, 39, 41, 42, 44, 46, 47, 49, 50, 61, 62, 64, 65, 68, 71, 73, 74, 76, 78, 79, 82, 84, 86, 87, 90, 91, 92, 97, 99, 100, 101, 103, 109, 112, 114, 125, 128, 129, 131, 134, 154, 164, 165, 167, 177, 181], "summary": {"covered_lines": 72, "num_statements": 72, "percent_covered": 100.0, "percent_covered_display": "100", "missing_lines": 0, "excluded_lines": 0}, "missing_lines": [], "excluded_lines": [], "functions": {"RetryWorker.__init__": {"executed_lines": [22, 23, 24], "summary": {"covered_lines": 3, "num_statements": 3, "percent_covered": 100.0, "percent_covered_display": "100", "missing_lines": 0, "excluded_lines": 0}, "missing_lines": [], "excluded_lines": []}, "RetryWorker.start": {"executed_lines": [28, 29, 31, 32, 33, 34, 35, 36, 37], "summary": {"covered_lines": 9, "num_statements": 9, "percent_covered": 100.0, "percent_covered_display": "100", "missing_lines": 0, "excluded_lines": 0}, "missing_lines": [], "excluded_lines": []}, "RetryWorker.stop": {"executed_lines": [41, 42], "summary": {"covered_lines": 2, "num_statements": 2, "percent_covered": 100.0, "percent_covered_display": "100", "missing_lines": 0, "excluded_lines": 0}, "missing_lines": [], "excluded_lines": []}, "RetryWorker._process_due_messages": {"executed_lines": [46, 47, 49, 50, 61, 62, 64, 65, 68, 71, 73, 74], "summary": {"covered_lines": 12, "num_statements": 12, "percent_covered": 100.0, "percent_covered_display": "100", "missing_lines": 0, "excluded_lines": 0}, "missing_lines": [], "excluded_lines": []}, "RetryWorker._process_message": {"executed_lines": [78, 79, 82, 84, 86, 87, 90, 91, 92, 97, 99, 100, 101], "summary": {"covered_lines": 13, "num_statements": 13, "percent_covered": 100.0, "percent_covered_display": "100", "missing_lines": 0, "excluded_lines": 0}, "missing_lines": [], "excluded_lines": []}, "RetryWorker._simulate_processing": {"executed_lines": [109, 112], "summary": {"covered_lines": 2, "num_statements": 2, "percent_covered": 100.0, "percent_covered_display": "100", "missing_lines": 0, "excluded_lines": 0}, "missing_lines": [], "excluded_lines": []}, "RetryWorker._calculate_next_retry": {"executed_lines": [125, 128, 129, 131], "summary": {"covered_lines": 4, "num_statements": 4, "percent_covered": 100.0, "percent_covered_display": "100", "missing_lines": 0, "excluded_lines": 0}, "missing_lines": [], "excluded_lines": []}, "add_to_dlq": {"executed_lines": [154, 164, 165, 167, 177], "summary": {"covered_lines": 5, "num_statements": 5, "percent_covered": 100.0, "percent_covered_display": "100", "missing_lines": 0, "excluded_lines": 0}, "missing_lines": [], "excluded_lines": []}, "": {"executed_lines": [1, 2, 3, 4, 5, 6, 8, 9, 10, 12, 13, 15, 18, 19, 21, 26, 39, 44, 76, 103, 114, 134, 181], "summary": {"covered_lines": 22, "num_statements": 22, "percent_covered": 100.0, "percent_covered_display": "100", "missing_lines": 0, "excluded_lines": 0}, "missing_lines": [], "excluded_lines": []}}, "classes": {"RetryWorker": {"executed_lines": [22, 23, 24, 28, 29, 31, 32, 33, 34, 35, 36, 37, 41, 42, 46, 47, 49, 50, 61, 62, 64, 65, 68, 71, 73, 74, 78, 79, 82, 84, 86, 87, 90, 91, 92, 97, 99, 100, 101, 109, 112, 125, 128, 129, 131], "summary": {"covered_lines": 45, "num_statements": 45, "percent_covered": 100.0, "percent_covered_display": "100", "missing_lines": 0, "excluded_lines": 0}, "missing_lines": [], "excluded_lines": []}, "": {"executed_lines": [1, 2, 3, 4, 5, 6, 8, 9, 10, 12, 13, 15, 18, 19, 21, 26, 39, 44, 76, 103, 114, 134, 154, 164, 165, 167, 177, 181], "summary": {"covered_lines": 27, "num_statements": 27, "percent_covered": 100.0, "percent_covered_display": "100", "missing_lines": 0, "excluded_lines": 0}, "missing_lines": [], "excluded_lines": []}}}, "app/main.py": {"executed_lines": [1, 2, 3, 4, 5, 6, 7, 9, 10, 11, 12, 13, 14, 15, 16, 17, 19, 20, 21, 22, 23, 24, 25, 26, 27, 28, 29, 30, 31, 32, 33, 34, 35, 36, 40, 41, 43, 44, 45, 47, 50, 52, 53, 55, 57, 60, 67, 68, 74, 77, 88, 89, 91, 94, 97, 98, 101, 102, 104, 107, 108, 109, 113, 116, 124, 133, 134, 136, 137, 138, 139, 140, 141, 142, 147, 148, 150, 153, 154, 156, 159, 160, 168, 169, 171, 173, 174, 177, 187, 190, 196, 197, 208, 210, 212, 215, 218, 219, 221, 224, 228, 229, 240, 241, 242, 243, 259, 260, 261, 262, 264, 265, 268, 279, 280, 291, 292, 293, 294, 310, 311, 312, 313, 315, 316, 319, 331, 332, 334, 340, 341, 343, 345, 348, 350, 356, 357, 359, 361, 365, 366, 374, 375, 388, 389, 390, 401, 402, 408, 412, 413, 415, 431, 434], "summary": {"covered_lines": 153, "num_statements": 194, "percent_covered": 78.8659793814433, "percent_covered_display": "79", "missing_lines": 41, "excluded_lines": 0}, "missing_lines": [48, 110, 188, 209, 246, 247, 248, 251, 252, 253, 257, 269, 270, 271, 274, 275, 297, 298, 299, 302, 303, 304, 308, 320, 321, 322, 325, 326, 368, 391, 392, 393, 394, 395, 396, 416, 418, 435, 438, 439, 441], "excluded_lines": [], "functions": {"TraceFormatter.format": {"executed_lines": [44, 45, 47, 50, 52, 53, 55, 57], "summary": {"covered_lines": 8, "num_statements": 9, "percent_covered": 88.88888888888889, "percent_covered_display": "89", "missing_lines": 1, "excluded_lines": 0}, "missing_lines": [48], "excluded_lines": []}, "lifespan": {"executed_lines": [91, 94, 97, 98, 101, 102, 104, 107, 108, 109], "summary": {"covered_lines": 10, "num_statements": 11, "percent_covered": 90.9090909090909, "percent_covered_display": "91", "missing_lines": 1, "excluded_lines": 0}, "missing_lines": [110], "excluded_lines": []}, "create_app": {"executed_lines": [116, 124, 133, 134, 153, 154, 215, 218, 219, 221], "summary": {"covered_lines": 10, "num_statements": 10, "percent_covered": 100.0, "percent_covered_display": "100", "missing_lines": 0, "excluded_lines": 0}, "missing_lines": [], "excluded_lines": []}, "create_app.request_size_limit_middleware": {"executed_lines": [136, 137, 138, 139, 140, 141, 142, 147, 148, 150], "summary": {"covered_lines": 10, "num_statements": 10, "percent_covered": 100.0, "percent_covered_display": "100", "missing_lines": 0, "excluded_lines": 0}, "missing_lines": [], "excluded_lines": []}, "create_app.request_logging_middleware": {"executed_lines": [156, 159, 160, 168, 169, 171, 173, 174, 177, 187, 190, 196, 197, 208, 210, 212], "summary": {"covered_lines": 16, "num_statements": 18, "percent_covered": 88.88888888888889, "percent_covered_display": "89", "missing_lines": 2, "excluded_lines": 0}, "missing_lines": [188, 209], "excluded_lines": []}, "_add_routes": {"executed_lines": [228, 229, 279, 280, 331, 332, 340, 341, 356, 357, 365, 366, 374, 375, 401, 402], "summary": {"covered_lines": 16, "num_statements": 16, "percent_covered": 100.0, "percent_covered_display": "100", "missing_lines": 0, "excluded_lines": 0}, "missing_lines": [], "excluded_lines": []}, "_add_routes.stripe_webhook": {"executed_lines": [240, 241, 242, 243, 259, 260, 261, 262, 264, 265, 268], "summary": {"covered_lines": 11, "num_statements": 23, "percent_covered": 47.82608695652174, "percent_covered_display": "48", "missing_lines": 12, "excluded_lines": 0}, "missing_lines": [246, 247, 248, 251, 252, 253, 257, 269, 270, 271, 274, 275], "excluded_lines": []}, "_add_routes.paypal_webhook": {"executed_lines": [291, 292, 293, 294, 310, 311, 312, 313, 315, 316, 319], "summary": {"covered_lines": 11, "num_statements": 23, "percent_covered": 47.82608695652174, "percent_covered_display": "48", "missing_lines": 12, "excluded_lines": 0}, "missing_lines": [297, 298, 299, 302, 303, 304, 308, 320, 321, 322, 325, 326], "excluded_lines": []}, "_add_routes.health": {"executed_lines": [334], "summary": {"covered_lines": 1, "num_statements": 1, "percent_covered": 100.0, "percent_covered_display": "100", "missing_lines": 0, "excluded_lines": 0}, "missing_lines": [], "excluded_lines": []}, "_add_routes.readiness": {"executed_lines": [343, 345, 348, 350], "summary": {"covered_lines": 4, "num_statements": 4, "percent_covered": 100.0, "percent_covered_display": "100", "missing_lines": 0, "excluded_lines": 0}, "missing_lines": [], "excluded_lines": []}, "_add_routes.prometheus_metrics": {"executed_lines": [359, 361], "summary": {"covered_lines": 2, "num_statements": 2, "percent_covered": 100.0, "percent_covered_display": "100", "missing_lines": 0, "excluded_lines": 0}, "missing_lines": [], "excluded_lines": []}, "_add_routes.json_metrics": {"executed_lines": [], "summary": {"covered_lines": 0, "num_statements": 1, "percent_covered": 0.0, "percent_covered_display": "0", "missing_lines": 1, "excluded_lines": 0}, "missing_lines": [368], "excluded_lines": []}, "_add_routes.reconciliation_summary": {"executed_lines": [388, 389, 390], "summary": {"covered_lines": 3, "num_statements": 9, "percent_covered": 33.333333333333336, "percent_covered_display": "33", "missing_lines": 6, "excluded_lines": 0}, "missing_lines": [391, 392, 393, 394, 395, 396], "excluded_lines": []}, "_add_routes.list_events": {"executed_lines": [408, 412, 413, 415], "summary": {"covered_lines": 4, "num_statements": 6, "percent_covered": 66.66666666666667, "percent_covered_display": "67", "missing_lines": 2, "excluded_lines": 0}, "missing_lines": [416, 418], "excluded_lines": []}, "": {"executed_lines": [1, 2, 3, 4, 5, 6, 7, 9, 10, 11, 12, 13, 14, 15, 16, 17, 19, 20, 21, 22, 23, 24, 25, 26, 27, 28, 29, 30, 31, 32, 33, 34, 35, 36, 40, 41, 43, 60, 67, 68, 74, 77, 88, 89, 113, 224, 431, 434], "summary": {"covered_lines": 47, "num_statements": 51, "percent_covered": 92.15686274509804, "percent_covered_display": "92", "missing_lines": 4, "excluded_lines": 0}, "missing_lines": [435, 438, 439, 441], "excluded_lines": []}}, "classes": {"TraceFormatter": {"executed_lines": [44, 45, 47, 50, 52, 53, 55, 57], "summary": {"covered_lines": 8, "num_statements": 9, "percent_covered": 88.88888888888889, "percent_covered_display": "89", "missing_lines": 1, "excluded_lines": 0}, "missing_lines": [48], "excluded_lines": []}, "": {"executed_lines": [1, 2, 3, 4, 5, 6, 7, 9, 10, 11, 12, 13, 14, 15, 16, 17, 19, 20, 21, 22, 23, 24, 25, 26, 27, 28, 29, 30, 31, 32, 33, 34, 35, 36, 40, 41, 43, 60, 67, 68, 74, 77, 88, 89, 91, 94, 97, 98, 101, 102, 104, 107, 108, 109, 113, 116, 124, 133, 134, 136, 137, 138, 139, 140, 141, 142, 147, 148, 150, 153, 154, 156, 159, 160, 168, 169, 171, 173, 174, 177, 187, 190, 196, 197, 208, 210, 212, 215, 218, 219, 221, 224, 228, 229, 240, 241, 242, 243, 259, 260, 261, 262, 264, 265, 268, 279, 280, 291, 292, 293, 294, 310, 311, 312, 313, 315, 316, 319, 331, 332, 334, 340, 341, 343, 345, 348, 350, 356, 357, 359, 361, 365, 366, 374, 375, 388, 389, 390, 401, 402, 408, 412, 413, 415, 431, 434], "summary": {"covered_lines": 145, "num_statements": 185, "percent_covered": 78.37837837837837, "percent_covered_display": "78", "missing_lines": 40, "excluded_lines": 0}, "missing_lines": [110, 188, 209, 246, 247, 248, 251, 252, 253, 257, 269, 270, 271, 274, 275, 297, 298, 299, 302, 303, 304, 308, 320, 321, 322, 325, 326, 368, 391, 392, 393, 394, 395, 396, 416, 418, 435, 438, 439, 441], "excluded_lines": []}}}, "app/metrics.py": {"executed_lines": [1, 8, 9, 10, 12, 13, 14, 15, 16, 17, 19, 22, 25, 30, 37, 60, 68, 75, 83, 91, 98, 105, 112, 119, 128, 135, 140, 147, 154, 161, 165, 172, 177, 180, 181, 188, 189, 193, 197, 201, 202, 206, 207, 211, 215, 216, 220, 221, 223, 227, 228, 241, 242, 244, 246, 247, 249, 250, 254, 255, 259, 260, 264, 265, 269, 270, 272, 274, 275, 277, 279, 280, 284, 285, 287, 291, 292, 294, 295, 296, 297, 298, 300, 301, 302, 304, 305, 306, 310, 313], "summary": {"covered_lines": 87, "num_statements": 96, "percent_covered": 90.625, "percent_covered_display": "91", "missing_lines": 9, "excluded_lines": 0}, "missing_lines": [232, 236, 237, 252, 257, 262, 267, 282, 320], "excluded_lines": [], "functions": {"MetricsCollector.record_http_request": {"executed_lines": [193, 197, 201, 202], "summary": {"covered_lines": 4, "num_statements": 4, "percent_covered": 100.0, "percent_covered_display": "100", "missing_lines": 0, "excluded_lines": 0}, "missing_lines": [], "excluded_lines": []}, "MetricsCollector.record_webhook_event": {"executed_lines": [211, 215, 216], "summary": {"covered_lines": 3, "num_statements": 3, "percent_covered": 100.0, "percent_covered_display": "100", "missing_lines": 0, "excluded_lines": 0}, "missing_lines": [], "excluded_lines": []}, "MetricsCollector.record_signature_validation": {"executed_lines": [223], "summary": {"covered_lines": 1, "num_statements": 1, "percent_covered": 100.0, "percent_covered_display": "100", "missing_lines": 0, "excluded_lines": 0}, "missing_lines": [], "excluded_lines": []}, "MetricsCollector.record_database_operation": {"executed_lines": [], "summary": {"covered_lines": 0, "num_statements": 3, "percent_covered": 0.0, "percent_covered_display": "0", "missing_lines": 3, "excluded_lines": 0}, "missing_lines": [232, 236, 237], "excluded_lines": []}, "MetricsCollector.record_job_run": {"executed_lines": [244, 246, 247], "summary": {"covered_lines": 3, "num_statements": 3, "percent_covered": 100.0, "percent_covered_display": "100", "missing_lines": 0, "excluded_lines": 0}, "missing_lines": [], "excluded_lines": []}, "MetricsCollector.record_dlq_message": {"executed_lines": [], "summary": {"covered_lines": 0, "num_statements": 1, "percent_covered": 0.0, "percent_covered_display": "0", "missing_lines": 1, "excluded_lines": 0}, "missing_lines": [252], "excluded_lines": []}, "MetricsCollector.set_dlq_pending_count": {"executed_lines": [], "summary": {"covered_lines": 0, "num_statements": 1, "percent_covered": 0.0, "percent_covered_display": "0", "missing_lines": 1, "excluded_lines": 0}, "missing_lines": [257], "excluded_lines": []}, "MetricsCollector.record_reconciliation_events": {"executed_lines": [], "summary": {"covered_lines": 0, "num_statements": 1, "percent_covered": 0.0, "percent_covered_display": "0", "missing_lines": 1, "excluded_lines": 0}, "missing_lines": [262], "excluded_lines": []}, "MetricsCollector.record_reconciliation_anomaly": {"executed_lines": [], "summary": {"covered_lines": 0, "num_statements": 1, "percent_covered": 0.0, "percent_covered_display": "0", "missing_lines": 1, "excluded_lines": 0}, "missing_lines": [267], "excluded_lines": []}, "MetricsCollector.set_reconciliation_last_run": {"executed_lines": [272], "summary": {"covered_lines": 1, "num_statements": 1, "percent_covered": 100.0, "percent_covered_display": "100", "missing_lines": 0, "excluded_lines": 0}, "missing_lines": [], "excluded_lines": []}, "MetricsCollector.set_application_ready": {"executed_lines": [277], "summary": {"covered_lines": 1, "num_statements": 1, "percent_covered": 100.0, "percent_covered_display": "100", "missing_lines": 0, "excluded_lines": 0}, "missing_lines": [], "excluded_lines": []}, "MetricsCollector.set_database_connections": {"executed_lines": [], "summary": {"covered_lines": 0, "num_statements": 1, "percent_covered": 0.0, "percent_covered_display": "0", "missing_lines": 1, "excluded_lines": 0}, "missing_lines": [282], "excluded_lines": []}, "MetricsCollector.get_prometheus_metrics": {"executed_lines": [287], "summary": {"covered_lines": 1, "num_statements": 1, "percent_covered": 100.0, "percent_covered_display": "100", "missing_lines": 0, "excluded_lines": 0}, "missing_lines": [], "excluded_lines": []}, "MetricsTimer.__init__": {"executed_lines": [295, 296, 297, 298], "summary": {"covered_lines": 4, "num_statements": 4, "percent_covered": 100.0, "percent_covered_display": "100", "missing_lines": 0, "excluded_lines": 0}, "missing_lines": [], "excluded_lines": []}, "MetricsTimer.__enter__": {"executed_lines": [301, 302], "summary": {"covered_lines": 2, "num_statements": 2, "percent_covered": 100.0, "percent_covered_display": "100", "missing_lines": 0, "excluded_lines": 0}, "missing_lines": [], "excluded_lines": []}, "MetricsTimer.__exit__": {"executed_lines": [305, 306], "summary": {"covered_lines": 2, "num_statements": 2, "percent_covered": 100.0, "percent_covered_display": "100", "missing_lines": 0, "excluded_lines": 0}, "missing_lines": [], "excluded_lines": []}, "get_metrics_summary": {"executed_lines": [], "summary": {"covered_lines": 0, "num_statements": 1, "percent_covered": 0.0, "percent_covered_display": "0", "missing_lines": 1, "excluded_lines": 0}, "missing_lines": [320], "excluded_lines": []}, "": {"executed_lines": [1, 8, 9, 10, 12, 13, 14, 15, 16, 17, 19, 22, 25, 30, 37, 60, 68, 75, 83, 91, 98, 105, 112, 119, 128, 135, 140, 147, 154, 161, 165, 172, 177, 180, 181, 188, 189, 206, 207, 220, 221, 227, 228, 241, 242, 249, 250, 254, 255, 259, 260, 264, 265, 269, 270, 274, 275, 279, 280, 284, 285, 291, 292, 294, 300, 304, 310, 313], "summary": {"covered_lines": 65, "num_statements": 65, "percent_covered": 100.0, "percent_covered_display": "100", "missing_lines": 0, "excluded_lines": 0}, "missing_lines": [], "excluded_lines": []}}, "classes": {"MetricsCollector": {"executed_lines": [193, 197, 201, 202, 211, 215, 216, 223, 244, 246, 247, 272, 277, 287], "summary": {"covered_lines": 14, "num_statements": 22, "percent_covered": 63.63636363636363, "percent_covered_display": "64", "missing_lines": 8, "excluded_lines": 0}, "missing_lines": [232, 236, 237, 252, 257, 262, 267, 282], "excluded_lines": []}, "MetricsTimer": {"executed_lines": [295, 296, 297, 298, 301, 302, 305, 306], "summary": {"covered_lines": 8, "num_statements": 8, "percent_covered": 100.0, "percent_covered_display": "100", "missing_lines": 0, "excluded_lines": 0}, "missing_lines": [], "excluded_lines": []}, "": {"executed_lines": [1, 8, 9, 10, 12, 13, 14, 15, 16, 17, 19, 22, 25, 30, 37, 60, 68, 75, 83, 91, 98, 105, 112, 119, 128, 135, 140, 147, 154, 161, 165, 172, 177, 180, 181, 188, 189, 206, 207, 220, 221, 227, 228, 241, 242, 249, 250, 254, 255, 259, 260, 264, 265, 269, 270, 274, 275, 279, 280, 284, 285, 291, 292, 294, 300, 304, 310, 313], "summary": {"covered_lines": 65, "num_statements": 66, "percent_covered": 98.48484848484848, "percent_covered_display": "98", "missing_lines": 1, "excluded_lines": 0}, "missing_lines": [320], "excluded_lines": []}}}, "app/models.py": {"executed_lines": [1, 3, 4, 5, 6, 7, 8, 9, 10, 12, 15, 16, 18, 20, 21, 22, 24, 27, 28, 30, 32, 33, 34, 35, 36, 37, 39, 47, 48, 50, 52, 53, 54, 55, 56, 57, 58, 59, 61, 67, 68, 70, 72, 73, 74, 75, 76, 77, 79], "summary": {"covered_lines": 45, "num_statements": 45, "percent_covered": 100.0, "percent_covered_display": "100", "missing_lines": 0, "excluded_lines": 0}, "missing_lines": [], "excluded_lines": [], "functions": {"": {"executed_lines": [1, 3, 4, 5, 6, 7, 8, 9, 10, 12, 15, 16, 18, 20, 21, 22, 24, 27, 28, 30, 32, 33, 34, 35, 36, 37, 39, 47, 48, 50, 52, 53, 54, 55, 56, 57, 58, 59, 61, 67, 68, 70, 72, 73, 74, 75, 76, 77, 79], "summary": {"covered_lines": 45, "num_statements": 45, "percent_covered": 100.0, "percent_covered_display": "100", "missing_lines": 0, "excluded_lines": 0}, "missing_lines": [], "excluded_lines": []}}, "classes": {"IdempotencyKey": {"executed_lines": [], "summary": {"covered_lines": 0, "num_statements": 0, "percent_covered": 100.0, "percent_covered_display": "100", "missing_lines": 0, "excluded_lines": 0}, "missing_lines": [], "excluded_lines": []}, "PaymentEvent": {"executed_lines": [], "summary": {"covered_lines": 0, "num_statements": 0, "percent_covered": 100.0, "percent_covered_display": "100", "missing_lines": 0, "excluded_lines": 0}, "missing_lines": [], "excluded_lines": []}, "DLQMessage": {"executed_lines": [], "summary": {"covered_lines": 0, "num_statements": 0, "percent_covered": 100.0, "percent_covered_display": "100", "missing_lines": 0, "excluded_lines": 0}, "missing_lines": [], "excluded_lines": []}, "ReconciliationLog": {"executed_lines": [], "summary": {"covered_lines": 0, "num_statements": 0, "percent_covered": 100.0, "percent_covered_display": "100", "missing_lines": 0, "excluded_lines": 0}, "missing_lines": [], "excluded_lines": []}, "": {"executed_lines": [1, 3, 4, 5, 6, 7, 8, 9, 10, 12, 15, 16, 18, 20, 21, 22, 24, 27, 28, 30, 32, 33, 34, 35, 36, 37, 39, 47, 48, 50, 52, 53, 54, 55, 56, 57, 58, 59, 61, 67, 68, 70, 72, 73, 74, 75, 76, 77, 79], "summary": {"covered_lines": 45, "num_statements": 45, "percent_covered": 100.0, "percent_covered_display": "100", "missing_lines": 0, "excluded_lines": 0}, "missing_lines": [], "excluded_lines": []}}}, "app/schemas.py": {"executed_lines": [1, 2, 4, 5, 8, 9, 11, 12, 13, 16, 17, 19, 20, 21, 22, 23, 26, 27, 29, 30, 31, 32, 33, 36, 37, 39, 40, 41, 44, 45, 47, 48, 49, 52, 53, 55, 56, 59, 60, 62, 63, 64, 65, 66, 67, 68], "summary": {"covered_lines": 39, "num_statements": 39, "percent_covered": 100.0, "percent_covered_display": "100", "missing_lines": 0, "excluded_lines": 0}, "missing_lines": [], "excluded_lines": [], "functions": {"": {"executed_lines": [1, 2, 4, 5, 8, 9, 11, 12, 13, 16, 17, 19, 20, 21, 22, 23, 26, 27, 29, 30, 31, 32, 33, 36, 37, 39, 40, 41, 44, 45, 47, 48, 49, 52, 53, 55, 56, 59, 60, 62, 63, 64, 65, 66, 67, 68], "summary": {"covered_lines": 39, "num_statements": 39, "percent_covered": 100.0, "percent_covered_display": "100", "missing_lines": 0, "excluded_lines": 0}, "missing_lines": [], "excluded_lines": []}}, "classes": {"WebhookResponse": {"executed_lines": [], "summary": {"covered_lines": 0, "num_statements": 0, "percent_covered": 100.0, "percent_covered_display": "100", "missing_lines": 0, "excluded_lines": 0}, "missing_lines": [], "excluded_lines": []}, "StripeWebhookEvent": {"executed_lines": [], "summary": {"covered_lines": 0, "num_statements": 0, "percent_covered": 100.0, "percent_covered_display": "100", "missing_lines": 0, "excluded_lines": 0}, "missing_lines": [], "excluded_lines": []}, "PayPalWebhookEvent": {"executed_lines": [], "summary": {"covered_lines": 0, "num_statements": 0, "percent_covered": 100.0, "percent_covered_display": "100", "missing_lines": 0, "excluded_lines": 0}, "missing_lines": [], "excluded_lines": []}, "HealthResponse": {"executed_lines": [], "summary": {"covered_lines": 0, "num_statements": 0, "percent_covered": 100.0, "percent_covered_display": "100", "missing_lines": 0, "excluded_lines": 0}, "missing_lines": [], "excluded_lines": []}, "ReadinessResponse": {"executed_lines": [], "summary": {"covered_lines": 0, "num_statements": 0, "percent_covered": 100.0, "percent_covered_display": "100", "missing_lines": 0, "excluded_lines": 0}, "missing_lines": [], "excluded_lines": []}, "MetricsResponse": {"executed_lines": [], "summary": {"covered_lines": 0, "num_statements": 0, "percent_covered": 100.0, "percent_covered_display": "100", "missing_lines": 0, "excluded_lines": 0}, "missing_lines": [], "excluded_lines": []}, "ReconciliationSummary": {"executed_lines": [], "summary": {"covered_lines": 0, "num_statements": 0, "percent_covered": 100.0, "percent_covered_display": "100", "missing_lines": 0, "excluded_lines": 0}, "missing_lines": [], "excluded_lines": []}, "": {"executed_lines": [1, 2, 4, 5, 8, 9, 11, 12, 13, 16, 17, 19, 20, 21, 22, 23, 26, 27, 29, 30, 31, 32, 33, 36, 37, 39, 40, 41, 44, 45, 47, 48, 49, 52, 53, 55, 56, 59, 60, 62, 63, 64, 65, 66, 67, 68], "summary": {"covered_lines": 39, "num_statements": 39, "percent_covered": 100.0, "percent_covered_display": "100", "missing_lines": 0, "excluded_lines": 0}, "missing_lines": [], "excluded_lines": []}}}, "app/utils/__init__.py": {"executed_lines": [0], "summary": {"covered_lines": 0, "num_statements": 0, "percent_covered": 100.0, "percent_covered_display": "100", "missing_lines": 0, "excluded_lines": 0}, "missing_lines": [], "excluded_lines": [], "functions": {"": {"executed_lines": [], "summary": {"covered_lines": 0, "num_statements": 0, "percent_covered": 100.0, "percent_covered_display": "100", "missing_lines": 0, "excluded_lines": 0}, "missing_lines": [], "excluded_lines": []}}, "classes": {"": {"executed_lines": [], "summary": {"covered_lines": 0, "num_statements": 0, "percent_covered": 100.0, "percent_covered_display": "100", "missing_lines": 0, "excluded_lines": 0}, "missing_lines": [], "excluded_lines": []}}}, "app/utils/crypto.py": {"executed_lines": [1, 2, 3, 6, 17, 18, 20, 21, 22, 23, 26, 36, 37, 39, 40, 41, 43, 44, 45, 47, 48, 49, 50, 51, 52, 53, 54, 56, 57, 59, 62, 77, 78, 80, 81, 82, 84, 87, 88, 89, 92, 93, 98, 101, 113, 114, 116, 120], "summary": {"covered_lines": 48, "num_statements": 48, "percent_covered": 100.0, "percent_covered_display": "100", "missing_lines": 0, "excluded_lines": 0}, "missing_lines": [], "excluded_lines": [], "functions": {"constant_time_compare": {"executed_lines": [17, 18, 20, 21, 22, 23], "summary": {"covered_lines": 6, "num_statements": 6, "percent_covered": 100.0, "percent_covered_display": "100", "missing_lines": 0, "excluded_lines": 0}, "missing_lines": [], "excluded_lines": []}, "parse_stripe_signature": {"executed_lines": [36, 37, 39, 40, 41, 43, 44, 45, 47, 48, 49, 50, 51, 52, 53, 54, 56, 57, 59], "summary": {"covered_lines": 19, "num_statements": 19, "percent_covered": 100.0, "percent_covered_display": "100", "missing_lines": 0, "excluded_lines": 0}, "missing_lines": [], "excluded_lines": []}, "verify_stripe_signature": {"executed_lines": [77, 78, 80, 81, 82, 84, 87, 88, 89, 92, 93, 98], "summary": {"covered_lines": 12, "num_statements": 12, "percent_covered": 100.0, "percent_covered_display": "100", "missing_lines": 0, "excluded_lines": 0}, "missing_lines": [], "excluded_lines": []}, "verify_demo_hmac": {"executed_lines": [113, 114, 116, 120], "summary": {"covered_lines": 4, "num_statements": 4, "percent_covered": 100.0, "percent_covered_display": "100", "missing_lines": 0, "excluded_lines": 0}, "missing_lines": [], "excluded_lines": []}, "": {"executed_lines": [1, 2, 3, 6, 26, 62, 101], "summary": {"covered_lines": 7, "num_statements": 7, "percent_covered": 100.0, "percent_covered_display": "100", "missing_lines": 0, "excluded_lines": 0}, "missing_lines": [], "excluded_lines": []}}, "classes": {"": {"executed_lines": [1, 2, 3, 6, 17, 18, 20, 21, 22, 23, 26, 36, 37, 39, 40, 41, 43, 44, 45, 47, 48, 49, 50, 51, 52, 53, 54, 56, 57, 59, 62, 77, 78, 80, 81, 82, 84, 87, 88, 89, 92, 93, 98, 101, 113, 114, 116, 120], "summary": {"covered_lines": 48, "num_statements": 48, "percent_covered": 100.0, "percent_covered_display": "100", "missing_lines": 0, "excluded_lines": 0}, "missing_lines": [], "excluded_lines": []}}}, "app/utils/idempotency.py": {"executed_lines": [1, 3, 4, 5, 7, 9, 12, 27, 28, 30, 31, 32, 35, 36, 38, 39, 40, 41, 42, 44, 46, 47, 48, 51, 62, 63, 66, 77, 80, 81, 82, 83, 246, 247, 248, 249, 251, 252, 253, 254, 257], "summary": {"covered_lines": 28, "num_statements": 28, "percent_covered": 100.0, "percent_covered_display": "100", "missing_lines": 0, "excluded_lines": 0}, "missing_lines": [], "excluded_lines": [], "functions": {"ensure_idempotency": {"executed_lines": [27, 28, 30, 31, 32, 35, 36, 38, 39, 40, 41, 42, 44, 46, 47, 48], "summary": {"covered_lines": 16, "num_statements": 16, "percent_covered": 100.0, "percent_covered_display": "100", "missing_lines": 0, "excluded_lines": 0}, "missing_lines": [], "excluded_lines": []}, "key_exists": {"executed_lines": [62, 63], "summary": {"covered_lines": 2, "num_statements": 2, "percent_covered": 100.0, "percent_covered_display": "100", "missing_lines": 0, "excluded_lines": 0}, "missing_lines": [], "excluded_lines": []}, "make_idempotency_key": {"executed_lines": [77], "summary": {"covered_lines": 1, "num_statements": 1, "percent_covered": 100.0, "percent_covered_display": "100", "missing_lines": 0, "excluded_lines": 0}, "missing_lines": [], "excluded_lines": []}, "": {"executed_lines": [1, 3, 4, 5, 7, 9, 12, 51, 66], "summary": {"covered_lines": 9, "num_statements": 9, "percent_covered": 100.0, "percent_covered_display": "100", "missing_lines": 0, "excluded_lines": 0}, "missing_lines": [], "excluded_lines": []}}, "classes": {"": {"executed_lines": [1, 3, 4, 5, 7, 9, 12, 27, 28, 30, 31, 32, 35, 36, 38, 39, 40, 41, 42, 44, 46, 47, 48, 51, 62, 63, 66, 77], "summary": {"covered_lines": 28, "num_statements": 28, "percent_covered": 100.0, "percent_covered_display": "100", "missing_lines": 0, "excluded_lines": 0}, "missing_lines": [], "excluded_lines": []}}}, "app/utils/ports.py": {"executed_lines": [1, 4, 16, 18, 19, 20, 22, 23, 24, 25, 26, 27, 28, 30, 33, 43, 46, 47, 48, 49, 51, 52, 53, 54, 55, 56, 59, 60, 61, 63], "summary": {"covered_lines": 30, "num_statements": 30, "percent_covered": 100.0, "percent_covered_display": "100", "missing_lines": 0, "excluded_lines": 0}, "missing_lines": [], "excluded_lines": [], "functions": {"find_free_port": {"executed_lines": [16, 18, 19, 20, 22, 23, 24, 25, 26, 27, 28, 30], "summary": {"covered_lines": 12, "num_statements": 12, "percent_covered": 100.0, "percent_covered_display": "100", "missing_lines": 0, "excluded_lines": 0}, "missing_lines": [], "excluded_lines": []}, "get_app_port": {"executed_lines": [43, 46, 47, 48, 49, 51, 52, 53, 54, 55, 56, 59, 60, 61, 63], "summary": {"covered_lines": 15, "num_statements": 15, "percent_covered": 100.0, "percent_covered_display": "100", "missing_lines": 0, "excluded_lines": 0}, "missing_lines": [], "excluded_lines": []}, "": {"executed_lines": [1, 4, 33], "summary": {"covered_lines": 3, "num_statements": 3, "percent_covered": 100.0, "percent_covered_display": "100", "missing_lines": 0, "excluded_lines": 0}, "missing_lines": [], "excluded_lines": []}}, "classes": {"": {"executed_lines": [1, 4, 16, 18, 19, 20, 22, 23, 24, 25, 26, 27, 28, 30, 33, 43, 46, 47, 48, 49, 51, 52, 53, 54, 55, 56, 59, 60, 61, 63], "summary": {"covered_lines": 30, "num_statements": 30, "percent_covered": 100.0, "percent_covered_display": "100", "missing_lines": 0, "excluded_lines": 0}, "missing_lines": [], "excluded_lines": []}}}, "app/utils/security.py": {"executed_lines": [1, 3, 4, 7, 9, 10, 13, 16, 24, 25, 26, 28, 31, 34, 39, 40, 41, 43, 46, 48, 49, 51, 52, 53, 54, 56, 59, 61, 64, 65, 66, 67, 68, 69, 78, 81, 83, 98, 99, 102, 104, 105, 106, 107, 108, 109, 110, 111, 112, 117, 118, 119, 120, 121], "summary": {"covered_lines": 53, "num_statements": 61, "percent_covered": 86.88524590163935, "percent_covered_display": "87", "missing_lines": 8, "excluded_lines": 0}, "missing_lines": [62, 70, 71, 76, 113, 114, 116, 123], "excluded_lines": [], "functions": {"mask_email": {"executed_lines": [9, 10], "summary": {"covered_lines": 2, "num_statements": 2, "percent_covered": 100.0, "percent_covered_display": "100", "missing_lines": 0, "excluded_lines": 0}, "missing_lines": [], "excluded_lines": []}, "mask_token": {"executed_lines": [16, 24, 25, 26, 28], "summary": {"covered_lines": 5, "num_statements": 5, "percent_covered": 100.0, "percent_covered_display": "100", "missing_lines": 0, "excluded_lines": 0}, "missing_lines": [], "excluded_lines": []}, "mask_card_number": {"executed_lines": [34, 39, 40, 41, 43], "summary": {"covered_lines": 5, "num_statements": 5, "percent_covered": 100.0, "percent_covered_display": "100", "missing_lines": 0, "excluded_lines": 0}, "missing_lines": [], "excluded_lines": []}, "mask_pii_in_text": {"executed_lines": [48, 49, 51, 52, 53, 54, 56], "summary": {"covered_lines": 7, "num_statements": 7, "percent_covered": 100.0, "percent_covered_display": "100", "missing_lines": 0, "excluded_lines": 0}, "missing_lines": [], "excluded_lines": []}, "mask_pii_in_dict": {"executed_lines": [61, 64, 65, 66, 67, 68, 69, 78], "summary": {"covered_lines": 8, "num_statements": 12, "percent_covered": 66.66666666666667, "percent_covered_display": "67", "missing_lines": 4, "excluded_lines": 0}, "missing_lines": [62, 70, 71, 76], "excluded_lines": []}, "is_sensitive_key": {"executed_lines": [83, 98, 99], "summary": {"covered_lines": 3, "num_statements": 3, "percent_covered": 100.0, "percent_covered_display": "100", "missing_lines": 0, "excluded_lines": 0}, "missing_lines": [], "excluded_lines": []}, "sanitize_log_data": {"executed_lines": [104, 105, 106, 107, 108, 109, 110, 111, 112, 117, 118, 119, 120, 121], "summary": {"covered_lines": 14, "num_statements": 18, "percent_covered": 77.77777777777777, "percent_covered_display": "78", "missing_lines": 4, "excluded_lines": 0}, "missing_lines": [113, 114, 116, 123], "excluded_lines": []}, "": {"executed_lines": [1, 3, 4, 7, 13, 31, 46, 59, 81, 102], "summary": {"covered_lines": 9, "num_statements": 9, "percent_covered": 100.0, "percent_covered_display": "100", "missing_lines": 0, "excluded_lines": 0}, "missing_lines": [], "excluded_lines": []}}, "classes": {"": {"executed_lines": [1, 3, 4, 7, 9, 10, 13, 16, 24, 25, 26, 28, 31, 34, 39, 40, 41, 43, 46, 48, 49, 51, 52, 53, 54, 56, 59, 61, 64, 65, 66, 67, 68, 69, 78, 81, 83, 98, 99, 102, 104, 105, 106, 107, 108, 109, 110, 111, 112, 117, 118, 119, 120, 121], "summary": {"covered_lines": 53, "num_statements": 61, "percent_covered": 86.88524590163935, "percent_covered_display": "87", "missing_lines": 8, "excluded_lines": 0}, "missing_lines": [62, 70, 71, 76, 113, 114, 116, 123], "excluded_lines": []}}}, "app/webhooks/__init__.py": {"executed_lines": [0], "summary": {"covered_lines": 0, "num_statements": 0, "percent_covered": 100.0, "percent_covered_display": "100", "missing_lines": 0, "excluded_lines": 0}, "missing_lines": [], "excluded_lines": [], "functions": {"": {"executed_lines": [], "summary": {"covered_lines": 0, "num_statements": 0, "percent_covered": 100.0, "percent_covered_display": "100", "missing_lines": 0, "excluded_lines": 0}, "missing_lines": [], "excluded_lines": []}}, "classes": {"": {"executed_lines": [], "summary": {"covered_lines": 0, "num_statements": 0, "percent_covered": 100.0, "percent_covered_display": "100", "missing_lines": 0, "excluded_lines": 0}, "missing_lines": [], "excluded_lines": []}}}, "app/webhooks/paypal.py": {"executed_lines": [1, 2, 4, 5, 6, 7, 8, 10, 11, 12, 13, 14, 15, 16, 17, 18, 20, 23, 38, 41, 43, 44, 54, 55, 59, 62, 78, 87, 88, 89, 90, 92, 95, 97, 107, 108, 109, 118, 119, 120, 122, 123, 125, 126, 127, 130, 150, 151, 154, 155, 156, 157, 158, 159, 162, 167, 169, 171, 172, 175, 178, 179, 184, 191, 192, 193, 195, 196, 200, 203, 204, 206, 207, 208, 212, 214, 220, 221, 223, 232, 234, 235, 236, 245], "summary": {"covered_lines": 84, "num_statements": 86, "percent_covered": 97.67441860465117, "percent_covered_display": "98", "missing_lines": 2, "excluded_lines": 0}, "missing_lines": [163, 164], "excluded_lines": [], "functions": {"get_paypal_access_token": {"executed_lines": [38, 41, 43, 44, 54, 55, 59], "summary": {"covered_lines": 7, "num_statements": 7, "percent_covered": 100.0, "percent_covered_display": "100", "missing_lines": 0, "excluded_lines": 0}, "missing_lines": [], "excluded_lines": []}, "verify_paypal_webhook_signature": {"executed_lines": [78, 87, 88, 89, 90, 92, 95, 97, 107, 108, 109, 118, 119, 120, 122, 123, 125, 126, 127], "summary": {"covered_lines": 19, "num_statements": 19, "percent_covered": 100.0, "percent_covered_display": "100", "missing_lines": 0, "excluded_lines": 0}, "missing_lines": [], "excluded_lines": []}, "process_paypal_webhook": {"executed_lines": [150, 151, 154, 155, 156, 157, 158, 159, 162, 167, 169, 171, 172, 175, 178, 179, 184, 191, 192, 193, 195, 196, 200, 203, 204, 206, 207, 208, 212, 214, 220, 221, 223, 232, 234, 235, 236, 245], "summary": {"covered_lines": 38, "num_statements": 40, "percent_covered": 95.0, "percent_covered_display": "95", "missing_lines": 2, "excluded_lines": 0}, "missing_lines": [163, 164], "excluded_lines": []}, "": {"executed_lines": [1, 2, 4, 5, 6, 7, 8, 10, 11, 12, 13, 14, 15, 16, 17, 18, 20, 23, 62, 130], "summary": {"covered_lines": 20, "num_statements": 20, "percent_covered": 100.0, "percent_covered_display": "100", "missing_lines": 0, "excluded_lines": 0}, "missing_lines": [], "excluded_lines": []}}, "classes": {"": {"executed_lines": [1, 2, 4, 5, 6, 7, 8, 10, 11, 12, 13, 14, 15, 16, 17, 18, 20, 23, 38, 41, 43, 44, 54, 55, 59, 62, 78, 87, 88, 89, 90, 92, 95, 97, 107, 108, 109, 118, 119, 120, 122, 123, 125, 126, 127, 130, 150, 151, 154, 155, 156, 157, 158, 159, 162, 167, 169, 171, 172, 175, 178, 179, 184, 191, 192, 193, 195, 196, 200, 203, 204, 206, 207, 208, 212, 214, 220, 221, 223, 232, 234, 235, 236, 245], "summary": {"covered_lines": 84, "num_statements": 86, "percent_covered": 97.67441860465117, "percent_covered_display": "98", "missing_lines": 2, "excluded_lines": 0}, "missing_lines": [163, 164], "excluded_lines": []}}}, "app/webhooks/stripe.py": {"executed_lines": [1, 2, 4, 5, 6, 7, 9, 10, 11, 12, 13, 14, 15, 16, 17, 19, 22, 27, 42, 43, 44, 46, 52, 61, 64, 65, 66, 67, 68, 69, 72, 77, 78, 80, 81, 82, 86, 88, 94, 95, 97, 106, 246, 251, 252, 253, 254, 257], "summary": {"covered_lines": 40, "num_statements": 46, "percent_covered": 86.95652173913044, "percent_covered_display": "87", "missing_lines": 6, "excluded_lines": 0}, "missing_lines": [73, 74, 108, 109, 110, 115], "excluded_lines": [], "functions": {"process_stripe_webhook": {"executed_lines": [27, 42, 43, 44, 46, 52, 61, 64, 65, 66, 67, 68, 69, 72, 77, 78, 80, 81, 82, 86, 88, 94, 95, 97, 106], "summary": {"covered_lines": 23, "num_statements": 29, "percent_covered": 79.3103448275862, "percent_covered_display": "79", "missing_lines": 6, "excluded_lines": 0}, "missing_lines": [73, 74, 108, 109, 110, 115], "excluded_lines": []}, "": {"executed_lines": [1, 2, 4, 5, 6, 7, 9, 10, 11, 12, 13, 14, 15, 16, 17, 19, 22], "summary": {"covered_lines": 17, "num_statements": 17, "percent_covered": 100.0, "percent_covered_display": "100", "missing_lines": 0, "excluded_lines": 0}, "missing_lines": [], "excluded_lines": []}}, "classes": {"": {"executed_lines": [1, 2, 4, 5, 6, 7, 9, 10, 11, 12, 13, 14, 15, 16, 17, 19, 22, 27, 42, 43, 44, 46, 52, 61, 64, 65, 66, 67, 68, 69, 72, 77, 78, 80, 81, 82, 86, 88, 94, 95, 97, 106], "summary": {"covered_lines": 40, "num_statements": 46, "percent_covered": 86.95652173913044, "percent_covered_display": "87", "missing_lines": 6, "excluded_lines": 0}, "missing_lines": [73, 74, 108, 109, 110, 115], "excluded_lines": []}}}}, "totals": {"covered_lines": 806, "num_statements": 873, "percent_covered": 92.32531500572738, "percent_covered_display": "92", "missing_lines": 67, "excluded_lines": 0}}